71415016267.7255
91415016267.732
111415016267.7322
71415016301.8191
91415016301.8395
111415016301.8398
461415016568.8678
481415016568.8721
501415016568.8723
521415016568.8772  
461415016601.7732
481415016601.8023
501415016601.8027
521415016601.8086  
461415016606.7079
481415016606.7112
501415016606.7114
521415016626.7291  
46行 1415016686.6087
48行 1415016686.6162
50行 1415016686.6164
52行 1415016706.6361  
46行 1415016901.6225
48行 1415016901.6567
50行 1415016901.6572
52行 1415016921.676  
46行 1415017201.3693
48行 1415017201.3848
50行 1415017201.3853
52行 1415017221.4071  
46行 1415017501.9818
48行 1415017501.9986
50行 1415017501.999
52行 1415017522.0171  
46行 1415017801.7855
48行 1415017801.8072
50行 1415017801.8076
52行 1415017821.8261  
46行 1415018101.9596
48行 1415018101.9793
50行 1415018101.9797
52行 1415018121.997  
46行 1415018401.7615
48行 1415018401.7843
50行 1415018401.7846
52行 1415018421.8061  
46行 1415018702.1607
48行 1415018702.1956
50行 1415018702.196
52行 1415018722.2141  
46行 1415019001.4798
48行 1415019001.4993
50行 1415019001.4996
52行 1415019021.5211  
46行 1415019301.2968
48行 1415019301.3228
50行 1415019301.3232
52行 1415019321.3511  
46行 1415019601.851
48行 1415019601.8777
50行 1415019601.8781
52行 1415019621.896  
46行 1415019901.2009
48行 1415019901.2229
50行 1415019901.2232
52行 1415019921.2411  
46行 1415020202.0374
48行 1415020202.0787
50行 1415020202.0792
52行 1415020222.1011  
46行 1415020501.663
48行 1415020501.6933
50行 1415020501.6937
52行 1415020521.7111  
46行 1415020801.6849
48行 1415020801.703
50行 1415020801.7033
52行 1415020821.7211  
46行 1415021102.0155
48行 1415021102.0473
50行 1415021102.0476
52行 1415021122.065  
46行 1415021401.7538
48行 1415021401.7793
50行 1415021401.7797
52行 1415021421.798  
46行 1415021701.4217
48行 1415021701.445
50行 1415021701.4454
52行 1415021721.4641  
46行 1415022002.0157
48行 1415022002.0502
50行 1415022002.0505
52行 1415022022.0681  
46行 1415022301.5088
48行 1415022301.526
50行 1415022301.5264
52行 1415022321.5531  
46行 1415022601.307
48行 1415022601.3226
50行 1415022601.3229
52行 1415022621.3411  
46行 1415022901.6916
48行 1415022901.7155
50行 1415022901.7158
52行 1415022921.7421  
46行 1415023201.234
48行 1415023201.2659
50行 1415023201.2663
52行 1415023221.284  
46行 1415023502.1251
48行 1415023502.1521
50行 1415023502.1524
52行 1415023522.172  
46行 1415023801.5301
48行 1415023801.5571
50行 1415023801.5574
52行 1415023821.5771  
46行 1415024101.309
48行 1415024101.3405
50行 1415024101.3409
52行 1415024121.3591  
46行 1415024401.8844
48行 1415024401.912
50行 1415024401.9124
52行 1415024421.9331  
46行 1415024701.6705
48行 1415024701.6917
50行 1415024701.6922
52行 1415024721.7111  
46行 1415025001.5318
48行 1415025001.5576
50行 1415025001.5579
52行 1415025021.5761  
46行 1415025306.4819
48行 1415025306.4958
50行 1415025306.4961
52行 1415025326.5141  
46行 1415025601.7658
48行 1415025601.788
50行 1415025601.7883
52行 1415025621.8061  
46行 1415025901.2207
48行 1415025901.2495
50行 1415025901.2501
52行 1415025921.2681  
46行 1415026201.1795
48行 1415026201.2002
50行 1415026201.2006
52行 1415026221.218  
46行 1415026501.3915
48行 1415026501.4309
50行 1415026501.4313
52行 1415026521.4491  
46行 1415026801.3928
48行 1415026801.411
50行 1415026801.4114
52行 1415026821.4301  
46行 1415027101.3662
48行 1415027101.3847
50行 1415027101.3852
52行 1415027121.4031  
46行 1415027401.2784
48行 1415027401.3389
50行 1415027401.3393
52行 1415027421.3651  
46行 1415027701.2606
48行 1415027701.3063
50行 1415027701.3068
52行 1415027721.333  
46行 1415028001.7024
48行 1415028001.7327
50行 1415028001.7331
52行 1415028021.7511  
46行 1415028302.0515
48行 1415028302.1002
50行 1415028302.1006
52行 1415028322.119  
46行 1415028601.9707
48行 1415028601.9932
50行 1415028601.9935
52行 1415028622.0121  
46行 1415028901.769
48行 1415028901.7901
50行 1415028901.7904
52行 1415028921.8081  
46行 1415029201.3554
48行 1415029201.3796
50行 1415029201.38
52行 1415029221.3981  
46行 1415029501.6295
48行 1415029501.6616
50行 1415029501.662
52行 1415029521.6801  
46行 1415029802.1107
48行 1415029802.1432
50行 1415029802.1436
52行 1415029822.1611  
46行 1415030101.691
48行 1415030101.7165
50行 1415030101.7169
52行 1415030121.7351  
46行 1415030401.545
48行 1415030401.5702
50行 1415030401.5705
52行 1415030421.588  
46行 1415030701.2034
48行 1415030701.2222
50行 1415030701.2225
52行 1415030721.2501  
46行 1415031001.2206
48行 1415031001.2474
50行 1415031001.2477
52行 1415031021.2651  
46行 1415031301.9576
48行 1415031302.0136
50行 1415031302.014
52行 1415031322.032  
46行 1415031602.1589
48行 1415031602.1903
50行 1415031602.1907
52行 1415031622.2091  
46行 1415031901.6348
48行 1415031901.651
50行 1415031901.6513
52行 1415031921.6691  
46行 1415032202.1003
48行 1415032202.1243
50行 1415032202.1246
52行 1415032222.1421  
46行 1415032501.7115
48行 1415032501.7341
50行 1415032501.7344
52行 1415032521.7521  
46行 1415032801.9744
48行 1415032802.0071
50行 1415032802.0074
52行 1415032822.0261  
46行 1415033101.3813
48行 1415033101.3966
50行 1415033101.397
52行 1415033121.4141  
46行 1415033401.6236
48行 1415033401.6584
50行 1415033401.6587
52行 1415033421.6771  
46行 1415033701.7407
48行 1415033701.9465
50行 1415033701.9468
52行 1415033721.966  
46行 1415034001.2825
48行 1415034001.3059
50行 1415034001.3067
52行 1415034021.325  
46行 1415034301.4459
48行 1415034301.4674
50行 1415034301.4678
52行 1415034321.485  
46行 1415034601.986
48行 1415034602.0193
50行 1415034602.0197
52行 1415034622.038  
46行 1415034901.9624
48行 1415034901.9926
50行 1415034901.9929
52行 1415034922.0191  
46行 1415035201.4696
48行 1415035201.5042
50行 1415035201.5044
52行 1415035221.532  
46行 1415035501.9667
48行 1415035501.9844
50行 1415035501.9848
52行 1415035522.0031  
46行 1415035802.0912
48行 1415035802.1197
50行 1415035802.12
52行 1415035822.138  
46行 1415036101.7165
48行 1415036101.7463
50行 1415036101.7466
52行 1415036121.7651  
46行 1415036402.1206
48行 1415036402.1509
50行 1415036402.1512
52行 1415036422.17  
46行 1415036701.2815
48行 1415036701.2956
50行 1415036701.296
52行 1415036721.3151  
46行 1415037001.3998
48行 1415037001.4299
50行 1415037001.4303
52行 1415037021.4492  
46行 1415037301.6897
48行 1415037301.7067
50行 1415037301.707
52行 1415037321.7251  
46行 1415037601.7822
48行 1415037601.801
50行 1415037601.8013
52行 1415037621.8191  
46行 1415037901.9091
48行 1415037901.9377
50行 1415037901.9381
52行 1415037921.956  
46行 1415038201.409
48行 1415038201.4315
50行 1415038201.4318
52行 1415038221.4501  
46行 1415038502.0959
48行 1415038502.1167
50行 1415038502.1171
52行 1415038522.1351  
46行 1415038801.5217
48行 1415038801.5401
50行 1415038801.5405
52行 1415038821.5601  
46行 1415039101.9377
48行 1415039101.967
50行 1415039101.9672
52行 1415039121.989  
46行 1415039401.9932
48行 1415039402.0251
50行 1415039402.0254
52行 1415039422.043  
46行 1415039701.3248
48行 1415039701.3595
50行 1415039701.3598
52行 1415039721.378  
46行 1415040001.9133
48行 1415040001.9323
50行 1415040001.9326
52行 1415040021.9501  
46行 1415040301.1766
48行 1415040301.1927
50行 1415040301.1929
52行 1415040321.2111  
46行 1415040601.4733
48行 1415040601.4941
50行 1415040601.4944
52行 1415040621.512  
46行 1415040901.9962
48行 1415040902.1441
50行 1415040902.1444
52行 1415040922.162  
46行 1415041201.6323
48行 1415041201.6795
50行 1415041201.6799
52行 1415041221.6981  
46行 1415041501.9726
48行 1415041501.9936
50行 1415041501.9939
52行 1415041522.013  
46行 1415041802.01
48行 1415041802.0427
50行 1415041802.0431
52行 1415041822.066  
46行 1415042101.7169
48行 1415042101.7394
50行 1415042101.7398
52行 1415042121.758  
46行 1415042401.6589
48行 1415042401.6819
50行 1415042401.6821
52行 1415042421.7001  
46行 1415042702.0367
48行 1415042702.0544
50行 1415042702.0547
52行 1415042722.0731  
46行 1415043002.0409
48行 1415043002.0685
50行 1415043002.0688
52行 1415043022.086  
46行 1415043301.9236
48行 1415043301.9587
50行 1415043301.959
52行 1415043321.977  
46行 1415043601.3537
48行 1415043601.3743
50行 1415043601.3746
52行 1415043621.3931  
46行 1415043901.733
48行 1415043901.767
50行 1415043901.7673
52行 1415043921.785  
46行 1415044201.8612
48行 1415044201.8823
50行 1415044201.8826
52行 1415044221.9011  
46行 1415044501.9771
48行 1415044501.9996
50行 1415044501.9999
52行 1415044522.017  
46行 1415044801.4422
48行 1415044801.4647
50行 1415044801.465
52行 1415044821.483  
46行 1415045101.7217
48行 1415045101.7425
50行 1415045101.7428
52行 1415045121.7611  
46行 1415045402.0647
48行 1415045402.1004
50行 1415045402.1007
52行 1415045422.127  
46行 1415045701.5676
48行 1415045701.5874
50行 1415045701.5877
52行 1415045721.6061  
46行 1415046001.8737
48行 1415046001.8905
50行 1415046001.8908
52行 1415046021.9081  
46行 1415046301.329
48行 1415046301.3496
50行 1415046301.35
52行 1415046321.368  
46行 1415046601.9544
48行 1415046601.985
50行 1415046601.9853
52行 1415046622.003  
46行 1415046901.5875
48行 1415046901.6118
50行 1415046901.6121
52行 1415046921.6301  
46行 1415047202.0362
48行 1415047202.0651
50行 1415047202.0654
52行 1415047222.0841  
46行 1415047501.3813
48行 1415047501.3939
50行 1415047501.3942
52行 1415047521.414  
46行 1415047801.1683
48行 1415047801.1883
50行 1415047801.1886
52行 1415047821.206  
46行 1415048101.5147
48行 1415048101.5284
50行 1415048101.5287
52行 1415048121.5461  
46行 1415048401.9309
48行 1415048401.9491
50行 1415048401.9495
52行 1415048421.97  
46行 1415048701.4634
48行 1415048701.49
50行 1415048701.4903
52行 1415048721.5091  
46行 1415049001.9636
48行 1415049001.9818
50行 1415049001.9821
52行 1415049022  
46行 1415049301.3458
48行 1415049301.3729
50行 1415049301.3733
52行 1415049321.391  
46行 1415049601.4212
48行 1415049601.4426
50行 1415049601.443
52行 1415049621.4611  
46行 1415049902.1007
48行 1415049902.1275
50行 1415049902.1277
52行 1415049922.149  
46行 1415050201.8086
48行 1415050201.8249
50行 1415050201.8252
52行 1415050221.8431  
46行 1415050501.2234
48行 1415050501.2363
50行 1415050501.2366
52行 1415050521.2551  
46行 1415050801.7966
48行 1415050801.8381
50行 1415050801.8384
52行 1415050821.858  
46行 1415051102.028
48行 1415051102.0509
50行 1415051102.0512
52行 1415051122.069  
46行 1415051401.3287
48行 1415051401.349
50行 1415051401.3493
52行 1415051421.3691  
46行 1415051701.5776
48行 1415051701.5941
50行 1415051701.5945
52行 1415051721.612  
46行 1415052002.0653
48行 1415052002.0925
50行 1415052002.0928
52行 1415052022.111  
46行 1415052301.7606
48行 1415052301.7835
50行 1415052301.7838
52行 1415052321.802  
46行 1415052601.3596
48行 1415052601.387
50行 1415052601.3872
52行 1415052621.406  
46行 1415052901.8745
48行 1415052902.0321
50行 1415052902.0324
52行 1415052922.05  
46行 1415053201.6021
48行 1415053201.6222
50行 1415053201.6226
52行 1415053221.641  
46行 1415053501.3005
48行 1415053501.3195
50行 1415053501.3199
52行 1415053521.339  
46行 1415053801.7329
48行 1415053801.7504
50行 1415053801.7507
52行 1415053821.7681  
46行 1415054101.1469
48行 1415054101.1692
50行 1415054101.1695
52行 1415054121.1871  
46行 1415054401.4141
48行 1415054401.4424
50行 1415054401.4427
52行 1415054421.4602  
46行 1415054701.8448
48行 1415054701.8743
50行 1415054701.8746
52行 1415054721.892  
46行 1415055002.0593
48行 1415055002.0805
50行 1415055002.0808
52行 1415055022.1011  
46行 1415055301.2836
48行 1415055301.2983
50行 1415055301.2986
52行 1415055321.3161  
46行 1415055601.8634
48行 1415055601.8881
50行 1415055601.8884
52行 1415055621.9061  
46行 1415055901.2863
48行 1415055901.3047
50行 1415055901.3051
52行 1415055921.323  
46行 1415056201.6628
48行 1415056201.6901
50行 1415056201.6904
52行 1415056221.7081  
46行 1415056501.133
48行 1415056501.1651
50行 1415056501.1655
52行 1415056521.1851  
46行 1415056801.8084
48行 1415056801.8285
50行 1415056801.8288
52行 1415056821.846  
46行 1415057101.8686
48行 1415057101.896
50行 1415057101.8964
52行 1415057121.9141  
46行 1415057401.3814
48行 1415057401.4189
50行 1415057401.4193
52行 1415057421.4371  
46行 1415057701.6436
48行 1415057701.6553
50行 1415057701.6556
52行 1415057721.674  
46行 1415058001.8306
48行 1415058001.8627
50行 1415058001.8631
52行 1415058021.881  
46行 1415058301.2648
48行 1415058301.2915
50行 1415058301.2919
52行 1415058321.3091  
46行 1415058601.93
48行 1415058601.9708
50行 1415058601.9712
52行 1415058621.9891  
46行 1415058902.0785
48行 1415058902.1012
50行 1415058902.1016
52行 1415058922.1191  
46行 1415059201.1983
48行 1415059201.2361
50行 1415059201.2364
52行 1415059221.2541  
46行 1415059501.9594
48行 1415059501.9903
50行 1415059501.9905
52行 1415059522.008  
46行 1415059801.9676
48行 1415059801.9916
50行 1415059801.992
52行 1415059822.009  
46行 1415060101.489
48行 1415060101.5197
50行 1415060101.52
52行 1415060121.5381  
46行 1415060401.2647
48行 1415060401.2914
50行 1415060401.2916
52行 1415060421.3111  
46行 1415060701.9992
48行 1415060702.0297
50行 1415060702.0301
52行 1415060722.048  
46行 1415061001.8007
48行 1415061001.8226
50行 1415061001.8229
52行 1415061021.8451  
46行 1415061301.5372
48行 1415061301.5766
50行 1415061301.577
52行 1415061321.5951  
46行 1415061601.3733
48行 1415061601.3943
50行 1415061601.3947
52行 1415061621.4131  
46行 1415061901.7764
48行 1415061901.7974
50行 1415061901.7977
52行 1415061921.8151  
46行 1415062201.4032
48行 1415062201.4413
50行 1415062201.4416
52行 1415062221.4591  
46行 1415062501.1712
48行 1415062501.1987
50行 1415062501.1991
52行 1415062521.2171  
46行 1415062801.924
48行 1415062801.9532
50行 1415062801.9535
52行 1415062821.9711  
46行 1415063101.2221
48行 1415063101.2535
50行 1415063101.2539
52行 1415063121.2741  
46行 1415063401.781
48行 1415063401.8109
50行 1415063401.8112
52行 1415063421.8351  
46行 1415063701.4758
48行 1415063701.5035
50行 1415063701.5039
52行 1415063721.522  
46行 1415064001.2235
48行 1415064001.2442
50行 1415064001.2446
52行 1415064021.263  
46行 1415064301.7078
48行 1415064301.7198
50行 1415064301.72
52行 1415064321.7381  
46行 1415064601.2572
48行 1415064601.2855
50行 1415064601.286
52行 1415064621.3041  
46行 1415064901.1008
48行 1415064901.1265
50行 1415064901.1269
52行 1415064921.1451  
46行 1415065201.6242
48行 1415065201.6575
50行 1415065201.6579
52行 1415065221.676  
46行 1415065502.0881
48行 1415065502.1211
50行 1415065502.1215
52行 1415065522.1401  
46行 1415065801.2757
48行 1415065801.313
50行 1415065801.3134
52行 1415065821.3321  
46行 1415066101.7243
48行 1415066101.7383
50行 1415066101.7385
52行 1415066121.756  
46行 1415066401.4407
48行 1415066401.4714
50行 1415066401.4718
52行 1415066421.4891  
46行 1415066702.0948
48行 1415066702.1274
50行 1415066702.1278
52行 1415066722.146  
46行 1415067001.9183
48行 1415067001.9355
50行 1415067001.9359
52行 1415067021.953  
46行 1415067301.4012
48行 1415067301.4158
50行 1415067301.4161
52行 1415067321.4331  
46行 1415067601.3203
48行 1415067601.35
50行 1415067601.3504
52行 1415067621.3691  
46行 1415067901.2705
48行 1415067901.2993
50行 1415067901.2997
52行 1415067921.3301  
46行 1415068202.1288
48行 1415068202.163
50行 1415068202.1633
52行 1415068222.181  
46行 1415068501.8827
48行 1415068501.9197
50行 1415068501.92
52行 1415068521.938  
46行 1415068801.2372
48行 1415068801.2547
50行 1415068801.2551
52行 1415068821.2731  
46行 1415069101.1912
48行 1415069101.218
50行 1415069101.2184
52行 1415069121.2361  
46行 1415069401.4178
48行 1415069401.4397
50行 1415069401.44
52行 1415069421.4571  
46行 1415069701.9198
48行 1415069701.9457
50行 1415069701.9461
52行 1415069721.9641  
46行 1415070001.4632
48行 1415070001.4903
50行 1415070001.4906
52行 1415070021.509  
46行 1415070302.0801
48行 1415070302.1268
50行 1415070302.1273
52行 1415070322.149  
46行 1415070601.8284
48行 1415070601.8614
50行 1415070601.8617
52行 1415070621.879  
46行 1415070901.7487
48行 1415070901.7745
50行 1415070901.7747
52行 1415070921.793  
46行 1415071201.8986
48行 1415071201.9273
50行 1415071201.9276
52行 1415071221.945  
46行 1415071501.3837
48行 1415071501.3989
50行 1415071501.3992
52行 1415071521.416  
46行 1415071801.9061
48行 1415071801.9523
50行 1415071801.9526
52行 1415071802.0381 {"code":0,"msg":"获取在线成功","data":{"inRoomUser":0,"inRoomRobot":0,"hall":3}} 
46行 1415072101.2833
48行 1415072101.3132
50行 1415072101.3135
52行 1415072101.345 {"code":0,"msg":"获取在线成功","data":{"inRoomUser":18,"inRoomRobot":86,"hall":8}} 
46行 1415072402.0521
48行 1415072402.0727
50行 1415072402.0731
52行 1415072402.1173 {"code":0,"msg":"获取在线成功","data":{"inRoomUser":30,"inRoomRobot":79,"hall":5}} 
